<?xml version="1.0" encoding="UTF-8"?>
<!-- Generated by org.testng.reporters.JUnitReportReporter -->
<testsuite skipped="0" hostname="DESKTOP-54VABBU" name="runner.TestRunner" tests="5" failures="0" timestamp="2023-03-16T13:13:29 IST" time="61.793" errors="0">
  <testcase name="runScenario" time="11.168" classname="runner.TestRunner"/>
  <system-out/>
  <testcase name="runScenario" time="11.786" classname="runner.TestRunner"/>
  <system-out/>
  <testcase name="runScenario" time="11.179" classname="runner.TestRunner"/>
  <system-out/>
  <testcase name="runScenario" time="14.881" classname="runner.TestRunner"/>
  <system-out/>
  <testcase name="runScenario" time="12.779" classname="runner.TestRunner"/>
  <system-out/>
</testsuite> <!-- runner.TestRunner -->
